Determining if the pthread_create exist failed with the following output:
Change Dir: /home/zt/demo_ws/src/robot_sim_demo/build/CMakeFiles/CMakeTmp

Run Build Command:"/usr/bin/make" "cmTC_8f5d7/fast"
/usr/bin/make -f CMakeFiles/cmTC_8f5d7.dir/build.make CMakeFiles/cmTC_8f5d7.dir/build
make[1]: Entering directory '/home/zt/demo_ws/src/robot_sim_demo/build/CMakeFiles/CMakeTmp'
Building C object CMakeFiles/cmTC_8f5d7.dir/CheckSymbolExists.c.o
/usr/bin/cc     -o CMakeFiles/cmTC_8f5d7.dir/CheckSymbolExists.c.o   -c /home/zt/demo_ws/src/robot_sim_demo/build/CMakeFiles/CMakeTmp/CheckSymbolExists.c
Linking C executable cmTC_8f5d7
/usr/bin/cmake -E cmake_link_script CMakeFiles/cmTC_8f5d7.dir/link.txt --verbose=1
/usr/bin/cc       CMakeFiles/cmTC_8f5d7.dir/CheckSymbolExists.c.o  -o cmTC_8f5d7 -rdynamic 
CMakeFiles/cmTC_8f5d7.dir/CheckSymbolExists.c.o：在函数‘main’中：
CheckSymbolExists.c:(.text+0x16)：对‘pthread_create’未定义的引用
collect2: error: ld returned 1 exit status
CMakeFiles/cmTC_8f5d7.dir/build.make:97: recipe for target 'cmTC_8f5d7' failed
make[1]: *** [cmTC_8f5d7] Error 1
make[1]: Leaving directory '/home/zt/demo_ws/src/robot_sim_demo/build/CMakeFiles/CMakeTmp'
Makefile:126: recipe for target 'cmTC_8f5d7/fast' failed
make: *** [cmTC_8f5d7/fast] Error 2

File /home/zt/demo_ws/src/robot_sim_demo/build/CMakeFiles/CMakeTmp/CheckSymbolExists.c:
/* */
#include <pthread.h>

int main(int argc, char** argv)
{
  (void)argv;
#ifndef pthread_create
  return ((int*)(&pthread_create))[argc];
#else
  (void)argc;
  return 0;
#endif
}

Determining if the function pthread_create exists in the pthreads failed with the following output:
Change Dir: /home/zt/demo_ws/src/robot_sim_demo/build/CMakeFiles/CMakeTmp

Run Build Command:"/usr/bin/make" "cmTC_15788/fast"
/usr/bin/make -f CMakeFiles/cmTC_15788.dir/build.make CMakeFiles/cmTC_15788.dir/build
make[1]: Entering directory '/home/zt/demo_ws/src/robot_sim_demo/build/CMakeFiles/CMakeTmp'
Building C object CMakeFiles/cmTC_15788.dir/CheckFunctionExists.c.o
/usr/bin/cc    -DCHECK_FUNCTION_EXISTS=pthread_create   -o CMakeFiles/cmTC_15788.dir/CheckFunctionExists.c.o   -c /usr/share/cmake-3.5/Modules/CheckFunctionExists.c
Linking C executable cmTC_15788
/usr/bin/cmake -E cmake_link_script CMakeFiles/cmTC_15788.dir/link.txt --verbose=1
/usr/bin/cc   -DCHECK_FUNCTION_EXISTS=pthread_create    CMakeFiles/cmTC_15788.dir/CheckFunctionExists.c.o  -o cmTC_15788 -rdynamic -lpthreads 
/usr/bin/ld: 找不到 -lpthreads
collect2: error: ld returned 1 exit status
CMakeFiles/cmTC_15788.dir/build.make:97: recipe for target 'cmTC_15788' failed
make[1]: *** [cmTC_15788] Error 1
make[1]: Leaving directory '/home/zt/demo_ws/src/robot_sim_demo/build/CMakeFiles/CMakeTmp'
Makefile:126: recipe for target 'cmTC_15788/fast' failed
make: *** [cmTC_15788/fast] Error 2


